Arguments: 
  C:\Program Files\nodejs\node.exe C:\Program Files (x86)\Yarn\bin\yarn.js add mysql12

PATH: 
  C:\Users\deggau\bin;C:\Program Files\Git\mingw64\bin;C:\Program Files\Git\usr\local\bin;C:\Program Files\Git\usr\bin;C:\Program Files\Git\usr\bin;C:\Program Files\Git\mingw64\bin;C:\Program Files\Git\usr\bin;C:\Users\deggau\bin;C:\Program Files\Python37\Scripts;C:\Program Files\Python37;C:\WINDOWS\system32;C:\WINDOWS;C:\WINDOWS\System32\Wbem;C:\WINDOWS\System32\WindowsPowerShell\v1.0;C:\WINDOWS\System32\OpenSSH;C:\Program Files (x86)\Yarn\bin;C:\Program Files\Git\cmd;C:\Program Files\nodejs;C:\Go\bin;C:\Program Files\Docker\Docker\resources\bin;C:\ProgramData\DockerDesktop\version-bin;C:\Users\deggau\AppData\Local\Microsoft\WindowsApps;C:\Users\deggau\AppData\Local\Yarn\bin;C:\Users\deggau\AppData\Local\Programs\Microsoft VS Code\bin;C:\Users\deggau\AppData\Roaming\npm;C:\Users\deggau\go\bin;C:\Users\deggau\.ebcli-virtual-env\executables;C:\Program Files\Git\usr\bin\vendor_perl;C:\Program Files\Git\usr\bin\core_perl

Yarn version: 
  1.22.5

Node version: 
  12.4.0

Platform: 
  win32 x64

Trace: 
  Error: https://registry.yarnpkg.com/mysql12: Not found
      at Request.params.callback [as _callback] (C:\Program Files (x86)\Yarn\lib\cli.js:66097:18)
      at Request.self.callback (C:\Program Files (x86)\Yarn\lib\cli.js:140749:22)
      at Request.emit (events.js:200:13)
      at Request.<anonymous> (C:\Program Files (x86)\Yarn\lib\cli.js:141721:10)
      at Request.emit (events.js:200:13)
      at IncomingMessage.<anonymous> (C:\Program Files (x86)\Yarn\lib\cli.js:141643:12)
      at Object.onceWrapper (events.js:288:20)
      at IncomingMessage.emit (events.js:205:15)
      at endReadableNT (_stream_readable.js:1154:12)
      at processTicksAndRejections (internal/process/task_queues.js:84:9)

npm manifest: 
  {
    "name": "nps-api",
    "version": "1.0.0",
    "description": "",
    "main": "index.js",
    "scripts": {
      "dev": "ts-node-dev --transpile-only --ignore-watch node_modules src/server.ts"
    },
    "keywords": [],
    "author": "",
    "license": "ISC",
    "dependencies": {
      "express": "^4.17.1"
    },
    "devDependencies": {
      "@types/express": "^4.17.11",
      "ts-node-dev": "^1.1.1",
      "typescript": "^4.1.5"
    }
  }

yarn manifest: 
  No manifest

Lockfile: 
  No lockfile
